<?xml version="1.0" encoding="UTF-8"?>
<!-- Generated by org.testng.reporters.JUnitReportReporter -->
<testsuite hostname="Anwars-Air.attlocal.net" failures="0" tests="1" name="project2.basicRunner" time="6.533" errors="0" timestamp="2022-10-22T15:53:27 PDT" skipped="0">
  <testcase classname="project2.basicRunner" name="testValidLogin" time="6.533"/>
  <system-out/>
</testsuite> <!-- project2.basicRunner -->
